<?xml version="1.0" encoding="UTF-8"?>
<!-- Generated by org.testng.reporters.JUnitReportReporter -->
<testsuite skipped="0" hostname="MyLaptops" name="TestNG.SeleniumGRID" tests="1" failures="0" timestamp="18 Jun 2020 02:24:04 GMT" time="21.490" errors="0">
  <testcase name="getOrangeTitle" time="21.490" classname="TestNG.SeleniumGRID"/>
</testsuite> <!-- TestNG.SeleniumGRID -->
