<?xml version="1.0" encoding="UTF-8"?>
<!-- Generated by org.testng.reporters.JUnitReportReporter -->
<testsuite skipped="0" hostname="MyLaptops" name="TestNG.DataProviderEx" tests="2" failures="0" timestamp="16 Jun 2020 01:48:23 GMT" time="0.032" errors="0">
  <testcase name="f" time="0.004" classname="TestNG.DataProviderEx"/>
  <testcase name="f" time="0.028" classname="TestNG.DataProviderEx"/>
</testsuite> <!-- TestNG.DataProviderEx -->
