<?xml version="1.0" encoding="UTF-8"?>
<!-- Generated by org.testng.reporters.JUnitReportReporter -->
<testsuite skipped="0" hostname="MyLaptops" name="TestNG.SeleniumGRID2" tests="1" failures="0" timestamp="18 Jun 2020 02:24:04 GMT" time="83.620" errors="0">
  <testcase name="getOrangeTitle" time="83.620" classname="TestNG.SeleniumGRID2"/>
</testsuite> <!-- TestNG.SeleniumGRID2 -->
