<?xml version="1.0" encoding="UTF-8"?>
<!-- Generated by org.testng.reporters.JUnitReportReporter -->
<testsuite skipped="0" hostname="MyLaptops" name="Tests.DBTesting" tests="1" failures="0" timestamp="23 Jun 2020 02:01:13 GMT" time="1.845" errors="0">
  <testcase name="f" time="1.845" classname="Tests.DBTesting"/>
</testsuite> <!-- Tests.DBTesting -->
