<?xml version="1.0" encoding="UTF-8"?>
<!-- Generated by org.testng.reporters.JUnitReportReporter -->
<testsuite skipped="0" hostname="MyLaptops" name="Tests.LoginTest" tests="1" failures="0" timestamp="19 Jun 2020 02:32:47 GMT" time="11.880" errors="0">
  <testcase name="loginToHRM" time="11.880" classname="Tests.LoginTest"/>
</testsuite> <!-- Tests.LoginTest -->
