<?xml version="1.0" encoding="UTF-8"?>
<!-- Generated by org.testng.reporters.JUnitReportReporter -->
<testsuite skipped="0" hostname="MyLaptops" name="Tests.RegularExpressionDemo" tests="1" failures="0" timestamp="23 Jun 2020 02:47:19 GMT" time="0.040" errors="0">
  <testcase name="regEx" time="0.040" classname="Tests.RegularExpressionDemo"/>
</testsuite> <!-- Tests.RegularExpressionDemo -->
