<?xml version="1.0" encoding="UTF-8"?>
<!-- Generated by org.testng.reporters.JUnitReportReporter -->
<testsuite skipped="0" hostname="MyLaptops" name="TestNG.JavaScriptOperations" tests="1" failures="0" timestamp="19 Jun 2020 02:02:50 GMT" time="24.879" errors="0">
  <testcase name="f" time="24.879" classname="TestNG.JavaScriptOperations"/>
</testsuite> <!-- TestNG.JavaScriptOperations -->
