<?xml version="1.0" encoding="UTF-8"?>
<!-- Generated by org.testng.reporters.JUnitReportReporter -->
<testsuite skipped="0" hostname="MyLaptops" name="TestNG.Logging.Logging" tests="1" failures="0" timestamp="17 Jun 2020 02:23:09 GMT" time="2.210" errors="0">
  <testcase name="f" time="2.210" classname="TestNG.Logging.Logging"/>
</testsuite> <!-- TestNG.Logging.Logging -->
